log file : ./log/json/family 20201223 22:57:09.json
2020/12/23 22:57:13 : INFO : family name in process : Abyssocottidae
2020/12/23 22:57:17 : INFO : family name in process : Acanthuridae
2020/12/23 22:59:06 : INFO : family name in process : Acestrorhynchidae
2020/12/23 22:59:13 : INFO : family name in process : Achiridae
2020/12/23 22:59:22 : INFO : family name in process : Achiropsettidae
2020/12/23 22:59:27 : INFO : family name in process : Acipenseridae
2020/12/23 22:59:39 : INFO : family name in process : Acropomatidae
2020/12/23 22:59:46 : INFO : family name in process : Adrianichthyidae
2020/12/23 22:59:57 : INFO : family name in process : Aetobatidae
2020/12/23 23:00:03 : INFO : family name in process : Agonidae
2020/12/23 23:00:12 : INFO : family name in process : Ailiidae
2020/12/23 23:00:18 : INFO : family name in process : Akysidae
2020/12/23 23:00:29 : INFO : family name in process : Albulidae
2020/12/23 23:00:36 : INFO : family name in process : Alepisauridae
2020/12/23 23:00:42 : INFO : family name in process : Alepocephalidae
2020/12/23 23:00:50 : INFO : family name in process : Alestidae
2020/12/23 23:01:04 : INFO : family name in process : Alopiidae
2020/12/23 23:01:10 : INFO : family name in process : Amarsipidae
2020/12/23 23:01:15 : INFO : family name in process : Ambassidae
2020/12/23 23:01:25 : INFO : family name in process : Amblycipitidae
2020/12/23 23:03:44 : INFO : family name in process : Amblyopsidae
2020/12/23 23:03:50 : INFO : family name in process : Amiidae
2020/12/23 23:03:55 : INFO : family name in process : Ammodytidae
2020/12/23 23:04:02 : INFO : family name in process : Amphiliidae
2020/12/23 23:04:15 : INFO : family name in process : Anabantidae
2020/12/23 23:04:28 : INFO : family name in process : Anablepidae
2020/12/23 23:04:34 : INFO : family name in process : Anacanthobatidae
2020/12/23 23:04:40 : INFO : family name in process : Anarhichadidae
2020/12/23 23:04:47 : INFO : family name in process : Anchariidae
2020/12/23 23:04:53 : INFO : family name in process : Anguillidae
2020/12/23 23:05:01 : INFO : family name in process : Anomalopidae
2020/12/23 23:05:07 : INFO : family name in process : Anoplogastridae
2020/12/23 23:05:12 : INFO : family name in process : Anoplopomatidae
2020/12/23 23:05:19 : INFO : family name in process : Anostomidae
2020/12/23 23:05:36 : INFO : family name in process : Anotopteridae
2020/12/23 23:05:41 : INFO : family name in process : Antennariidae
2020/12/23 23:06:05 : INFO : family name in process : Aphredoderidae
2020/12/23 23:06:10 : INFO : family name in process : Aphyonidae
2020/12/23 23:06:15 : INFO : family name in process : Apistidae
2020/12/23 23:06:21 : INFO : family name in process : Aploactinidae
2020/12/23 23:06:28 : INFO : family name in process : Aplocheilidae
2020/12/23 23:06:36 : INFO : family name in process : Aplodactylidae
2020/12/23 23:06:41 : INFO : family name in process : Apogonidae
2020/12/23 23:08:10 : INFO : family name in process : Apteronotidae
2020/12/23 23:08:17 : INFO : family name in process : Aracanidae
2020/12/23 23:08:24 : INFO : family name in process : Arapaimidae
2020/12/23 23:08:30 : INFO : family name in process : Argentinidae
2020/12/23 23:08:36 : INFO : family name in process : Arhynchobatidae
2020/12/23 23:08:51 : INFO : family name in process : Ariidae
2020/12/23 23:09:09 : INFO : family name in process : Ariommatidae
2020/12/23 23:09:15 : INFO : family name in process : Arripidae
2020/12/23 23:09:20 : INFO : family name in process : Artedidraconidae
2020/12/23 23:09:27 : INFO : family name in process : Aspredinidae
2020/12/23 23:09:35 : INFO : family name in process : Astroblepidae
2020/12/23 23:09:41 : INFO : family name in process : Ateleopodidae
2020/12/23 23:09:47 : INFO : family name in process : Atherinidae
2020/12/23 23:10:28 : INFO : family name in process : Atherinopsidae
2020/12/23 23:10:37 : INFO : family name in process : Auchenipteridae
2020/12/23 23:11:53 : INFO : family name in process : Aulopidae
2020/12/23 23:11:59 : INFO : family name in process : Aulorhynchidae
2020/12/23 23:12:04 : INFO : family name in process : Aulostomidae
2020/12/23 23:12:11 : INFO : family name in process : Austroglanididae
2020/12/23 23:12:16 : INFO : family name in process : Badidae
2020/12/23 23:12:27 : INFO : family name in process : Bagridae
2020/12/23 23:14:01 : INFO : family name in process : Balistidae
2020/12/23 23:14:23 : INFO : family name in process : Balitoridae
2020/12/23 23:14:39 : INFO : family name in process : Banjosidae
2020/12/23 23:15:19 : INFO : family name in process : Barbourisiidae
2020/12/23 23:15:24 : INFO : family name in process : Barbuccidae
2020/12/23 23:15:29 : INFO : family name in process : Bathyclupeidae
2020/12/23 23:15:34 : INFO : family name in process : Bathydraconidae
2020/12/23 23:15:39 : INFO : family name in process : Bathylagidae
2020/12/23 23:15:44 : INFO : family name in process : Bathylutichthyidae
2020/12/23 23:15:49 : INFO : family name in process : Bathymasteridae
2020/12/23 23:15:54 : INFO : family name in process : Bathysauridae
2020/12/23 23:15:59 : INFO : family name in process : Bathysauroididae
2020/12/23 23:16:04 : INFO : family name in process : Batrachoididae
2020/12/23 23:16:50 : INFO : family name in process : Bedotiidae
2020/12/23 23:16:57 : INFO : family name in process : Belonidae
2020/12/23 23:17:09 : INFO : family name in process : Bembridae
2020/12/23 23:17:15 : INFO : family name in process : Berycidae
2020/12/23 23:17:21 : INFO : family name in process : Blenniidae
2020/12/23 23:19:11 : INFO : family name in process : Bothidae
2020/12/23 23:19:30 : INFO : family name in process : Botiidae
2020/12/23 23:19:38 : INFO : family name in process : Bovichtidae
2020/12/23 23:19:44 : INFO : family name in process : Brachaeluridae
2020/12/23 23:19:49 : INFO : family name in process : Brachionichthyidae
2020/12/23 23:19:54 : INFO : family name in process : Bramidae
2020/12/23 23:20:01 : INFO : family name in process : Bregmacerotidae
2020/12/23 23:20:07 : INFO : family name in process : Bryconidae
2020/12/23 23:20:18 : INFO : family name in process : Bythitidae
2020/12/23 23:20:33 : INFO : family name in process : Caesionidae
2020/12/23 23:20:46 : INFO : family name in process : Callanthiidae
2020/12/23 23:20:52 : INFO : family name in process : Callichthyidae
2020/12/23 23:21:25 : INFO : family name in process : Callionymidae
2020/12/23 23:21:49 : INFO : family name in process : Callorhinchidae
2020/12/23 23:21:55 : INFO : family name in process : Caproidae
2020/12/23 23:22:01 : INFO : family name in process : Carangidae
2020/12/23 23:23:04 : INFO : family name in process : Carapidae
2020/12/23 23:23:12 : INFO : family name in process : Carcharhinidae
2020/12/23 23:23:30 : INFO : family name in process : Caristiidae
2020/12/23 23:23:36 : INFO : family name in process : Catostomidae
2020/12/23 23:26:02 : INFO : family name in process : Caulophrynidae
2020/12/23 23:26:07 : INFO : family name in process : Centrarchidae
2020/12/23 23:26:23 : INFO : family name in process : Centriscidae
2020/12/23 23:26:30 : INFO : family name in process : Centrogenyidae
2020/12/23 23:26:35 : INFO : family name in process : Centrolophidae
2020/12/23 23:26:43 : INFO : family name in process : Centrophoridae
2020/12/23 23:26:49 : INFO : family name in process : Centrophrynidae
2020/12/23 23:26:54 : INFO : family name in process : Centropomidae
2020/12/23 23:27:02 : INFO : family name in process : Cepolidae
2020/12/23 23:27:09 : INFO : family name in process : Ceratiidae
2020/12/23 23:27:14 : INFO : family name in process : Cetomimidae
2020/12/23 23:27:19 : INFO : family name in process : Cetopsidae
2020/12/23 23:27:26 : INFO : family name in process : Cetorhinidae
2020/12/23 23:27:31 : INFO : family name in process : Chacidae
2020/12/23 23:27:36 : INFO : family name in process : Chaenopsidae
2020/12/23 23:27:55 : INFO : family name in process : Chaetodontidae
2020/12/23 23:28:48 : INFO : family name in process : Chalceidae
2020/12/23 23:28:53 : INFO : family name in process : Champsodontidae
2020/12/23 23:28:59 : INFO : family name in process : Chanidae
2020/12/23 23:29:05 : INFO : family name in process : Channichthyidae
2020/12/23 23:29:10 : INFO : family name in process : Channidae
2020/12/23 23:29:23 : INFO : family name in process : Characidae
2020/12/23 23:30:36 : INFO : family name in process : Chaudhuriidae
2020/12/23 23:30:41 : INFO : family name in process : Chaunacidae
2020/12/23 23:30:48 : INFO : family name in process : Cheilodactylidae
2020/12/23 23:30:57 : INFO : family name in process : Cheimarrichthyidae
2020/12/23 23:31:01 : INFO : family name in process : Chiasmodontidae
2020/12/23 23:31:07 : INFO : family name in process : Chilodontidae
2020/12/23 23:31:12 : INFO : family name in process : Chimaeridae
2020/12/23 23:33:30 : INFO : family name in process : Chirocentridae
2020/12/23 23:33:36 : INFO : family name in process : Chironemidae
2020/12/23 23:33:41 : INFO : family name in process : Chlamydoselachidae
2020/12/23 23:33:46 : INFO : family name in process : Chlopsidae
2020/12/23 23:33:52 : INFO : family name in process : Chlorophthalmidae
2020/12/23 23:33:58 : INFO : family name in process : Cichlidae
2020/12/23 23:45:13 : INFO : family name in process : Cirrhitidae
2020/12/23 23:45:30 : INFO : family name in process : Citharidae
2020/12/23 23:45:35 : INFO : family name in process : Citharinidae
2020/12/23 23:45:40 : INFO : family name in process : Clariidae
2020/12/23 23:45:57 : INFO : family name in process : Claroteidae
2020/12/23 23:46:09 : INFO : family name in process : Clinidae
2020/12/23 23:46:18 : INFO : family name in process : Clupeidae
2020/12/23 23:47:14 : INFO : family name in process : Cobitidae
2020/12/23 23:47:43 : INFO : family name in process : Colocongridae
2020/12/23 23:47:48 : INFO : family name in process : Comephoridae
2020/12/23 23:47:52 : INFO : family name in process : Congiopodidae
2020/12/23 23:47:57 : INFO : family name in process : Congridae
2020/12/23 23:48:19 : INFO : family name in process : Coryphaenidae
2020/12/23 23:48:25 : INFO : family name in process : Cottidae
2020/12/23 23:48:48 : INFO : family name in process : Cottocomephoridae
2020/12/23 23:48:54 : INFO : family name in process : Cranoglanididae
2020/12/23 23:48:59 : INFO : family name in process : Creediidae
2020/12/23 23:49:05 : INFO : family name in process : Crenuchidae
2020/12/23 23:49:13 : INFO : family name in process : Cryptacanthodidae
2020/12/23 23:49:18 : INFO : family name in process : Ctenoluciidae
2020/12/23 23:49:24 : INFO : family name in process : Curimatidae
2020/12/23 23:49:34 : INFO : family name in process : Cyclopteridae
2020/12/23 23:49:41 : INFO : family name in process : Cyematidae
2020/12/23 23:49:45 : INFO : family name in process : Cynodontidae
2020/12/23 23:49:51 : INFO : family name in process : Cynoglossidae
2020/12/23 23:50:05 : INFO : family name in process : Cynolebiidae
2020/12/23 23:50:05 : WARNING : return code : 8 - recovery page KO : Cynolebiidae - attempt : 0
2020/12/23 23:50:05 : DEBUG : create file json family failed : ./log/json/family 20201223 22:57:09.json
2020/12/23 23:50:09 : INFO : family name in process : Cynolebiidae
2020/12/23 23:50:09 : WARNING : return code : 8 - recovery page KO : Cynolebiidae - attempt : 1
2020/12/23 23:50:13 : INFO : family name in process : Cynolebiidae
2020/12/23 23:50:14 : WARNING : return code : 8 - recovery page KO : Cynolebiidae - attempt : 2
2020/12/23 23:50:14 : DEBUG : write - modification : {'family': [{'id': None, 'name': None}, {'id': '724', 'name': 'Cynolebiidae', 'returnCode': 8}]}
2020/12/23 23:50:18 : INFO : family name in process : Cyprinidae
2020/12/23 23:54:53 : INFO : family name in process : Cyprinodontidae
2020/12/23 23:55:13 : INFO : family name in process : Cyttidae
2020/12/23 23:55:18 : INFO : family name in process : Dactylopteridae
2020/12/23 23:55:25 : INFO : family name in process : Dactyloscopidae
2020/12/23 23:55:33 : INFO : family name in process : Dalatiidae
2020/12/23 23:55:38 : INFO : family name in process : Dasyatidae
2020/12/23 23:55:58 : INFO : family name in process : Datnioididae
2020/12/23 23:56:04 : INFO : family name in process : Dentatherinidae
2020/12/23 23:56:09 : INFO : family name in process : Denticipitidae
2020/12/23 23:56:13 : INFO : family name in process : Derichthyidae
2020/12/23 23:56:18 : INFO : family name in process : Diceratiidae
2020/12/23 23:56:24 : INFO : family name in process : Dichistiidae
2020/12/23 23:56:29 : INFO : family name in process : Dinematichthyidae
2020/12/23 23:56:34 : INFO : family name in process : Dinolestidae
2020/12/23 23:56:39 : INFO : family name in process : Dinopercidae
2020/12/23 23:56:43 : INFO : family name in process : Diodontidae
2020/12/23 23:56:56 : INFO : family name in process : Diplomystidae
2020/12/23 23:57:00 : INFO : family name in process : Diplophidae
2020/12/23 23:57:05 : INFO : family name in process : Diretmidae
2020/12/23 23:57:10 : INFO : family name in process : Distichodontidae
2020/12/23 23:57:21 : INFO : family name in process : Doradidae
2020/12/23 23:57:37 : INFO : family name in process : Draconettidae
2020/12/23 23:57:42 : INFO : family name in process : Drepaneidae
2020/12/23 23:57:48 : INFO : family name in process : Dussumieriidae
2020/12/23 23:57:54 : INFO : family name in process : Echeneidae
2020/12/23 23:58:01 : INFO : family name in process : Echinorhinidae
2020/12/23 23:58:06 : INFO : family name in process : Elassomatidae
2020/12/23 23:58:12 : INFO : family name in process : Eleginopsidae
2020/12/23 23:58:17 : INFO : family name in process : Eleotridae
2020/12/23 23:58:35 : INFO : family name in process : Ellopostomatidae
2020/12/23 23:58:40 : INFO : family name in process : Elopidae
2020/12/23 23:58:46 : INFO : family name in process : Embiotocidae
2020/12/23 23:58:54 : INFO : family name in process : Emmelichthyidae
2020/12/23 23:59:00 : INFO : family name in process : Engraulidae
2020/12/24 00:01:28 : INFO : family name in process : Enoplosidae
2020/12/24 00:01:33 : INFO : family name in process : Ephippidae
2020/12/24 00:01:44 : INFO : family name in process : Epigonidae
2020/12/24 00:01:52 : INFO : family name in process : Erethistidae
2020/12/24 00:01:59 : INFO : family name in process : Ereuniidae
2020/12/24 00:02:04 : INFO : family name in process : Erythrinidae
2020/12/24 00:02:11 : INFO : family name in process : Eschmeyeridae
2020/12/24 00:02:15 : INFO : family name in process : Esocidae
2020/12/24 00:02:23 : INFO : family name in process : Etmopteridae
2020/12/24 00:02:31 : INFO : family name in process : Euclichthyidae
2020/12/24 00:02:36 : INFO : family name in process : Eurypharyngidae
2020/12/24 00:02:41 : INFO : family name in process : Evermannellidae
2020/12/24 00:02:46 : INFO : family name in process : Exocoetidae
2020/12/24 00:02:56 : INFO : family name in process : Fistulariidae
2020/12/24 00:03:03 : INFO : family name in process : Fundulidae
2020/12/24 08:47:36 : INFO : family name in process : Gadidae
2020/12/24 08:47:50 : INFO : family name in process : Galaxiidae
2020/12/24 08:47:59 : INFO : family name in process : Gasteropelecidae
2020/12/24 08:48:06 : INFO : family name in process : Gasterosteidae
2020/12/24 08:48:14 : INFO : family name in process : Gastromyzontidae
2020/12/24 08:48:21 : INFO : family name in process : Gempylidae
2020/12/24 08:48:29 : INFO : family name in process : Geotriidae
2020/12/24 08:48:33 : INFO : family name in process : Gerreidae
2020/12/24 08:48:46 : INFO : family name in process : Gibberichthyidae
2020/12/24 08:48:51 : INFO : family name in process : Gigantactinidae
2020/12/24 08:48:56 : INFO : family name in process : Giganturidae
2020/12/24 08:49:01 : INFO : family name in process : Ginglymostomatidae
2020/12/24 08:49:06 : INFO : family name in process : Girellidae
2020/12/24 08:49:12 : INFO : family name in process : Glaucosomatidae
2020/12/24 08:49:18 : INFO : family name in process : Glaucostegidae
2020/12/24 08:49:23 : INFO : family name in process : Gnathanacanthidae
2020/12/24 08:49:28 : INFO : family name in process : Gobiesocidae
2020/12/24 08:49:49 : INFO : family name in process : Gobiidae
2020/12/24 08:54:16 : INFO : family name in process : Gonorynchidae
2020/12/24 08:54:21 : INFO : family name in process : Gonostomatidae
2020/12/24 08:54:27 : INFO : family name in process : Goodeidae
2020/12/24 08:54:38 : INFO : family name in process : Grammatidae
2020/12/24 08:54:45 : INFO : family name in process : Grammicolepididae
2020/12/24 08:54:50 : INFO : family name in process : Gurgesiellidae
2020/12/24 08:54:55 : INFO : family name in process : Gymnarchidae
2020/12/24 08:55:00 : INFO : family name in process : Gymnotidae
2020/12/24 08:55:07 : INFO : family name in process : Gymnuridae
2020/12/24 08:55:13 : INFO : family name in process : Gyrinocheilidae
2020/12/24 08:55:18 : INFO : family name in process : Haemulidae
2020/12/24 08:55:58 : INFO : family name in process : Halosauridae
2020/12/24 08:56:03 : INFO : family name in process : Hapalogenyidae
2020/12/24 08:56:09 : INFO : family name in process : Harpagiferidae
2020/12/24 08:56:13 : INFO : family name in process : Helostomatidae
2020/12/24 08:56:18 : INFO : family name in process : Hemigaleidae
2020/12/24 08:56:24 : INFO : family name in process : Hemiodontidae
2020/12/24 08:56:30 : INFO : family name in process : Hemiramphidae
2020/12/24 08:56:41 : INFO : family name in process : Hemiscylliidae
2020/12/24 08:56:48 : INFO : family name in process : Hemitripteridae
2020/12/24 08:56:54 : INFO : family name in process : Hepsetidae
2020/12/24 08:57:02 : INFO : family name in process : Heptapteridae
2020/12/24 08:57:16 : INFO : family name in process : Heterenchelyidae
2020/12/24 08:57:22 : INFO : family name in process : Heterodontidae
2020/12/24 08:57:27 : INFO : family name in process : Heteropneustidae
2020/12/24 08:57:33 : INFO : family name in process : Hexagrammidae
2020/12/24 08:57:40 : INFO : family name in process : Hexanchidae
2020/12/24 08:57:46 : INFO : family name in process : Hexatrygonidae
2020/12/24 08:57:51 : INFO : family name in process : Himantolophidae
2020/12/24 08:57:56 : INFO : family name in process : Hiodontidae
2020/12/24 08:58:02 : INFO : family name in process : Hispidoberycidae
2020/12/24 08:58:06 : INFO : family name in process : Holocentridae
2020/12/24 08:58:38 : INFO : family name in process : Hoplichthyidae
2020/12/24 08:58:44 : INFO : family name in process : Horabagridae
2020/12/24 08:58:49 : INFO : family name in process : Howellidae
2020/12/24 08:58:54 : INFO : family name in process : Hypnidae
2020/12/24 08:58:59 : INFO : family name in process : Hypopomidae
2020/12/24 08:59:05 : INFO : family name in process : Hypoptychidae
2020/12/24 08:59:10 : INFO : family name in process : Icosteidae
2020/12/24 08:59:15 : INFO : family name in process : Ictaluridae
2020/12/24 08:59:28 : INFO : family name in process : Iguanodectidae
2020/12/24 08:59:34 : INFO : family name in process : Indostomidae
2020/12/24 08:59:39 : INFO : family name in process : Ipnopidae
2020/12/24 08:59:45 : INFO : family name in process : Isonidae
2020/12/24 08:59:50 : INFO : family name in process : Istiophoridae
2020/12/24 08:59:57 : INFO : family name in process : Kneriidae
2020/12/24 09:00:03 : INFO : family name in process : Kraemeriidae
2020/12/24 09:00:08 : INFO : family name in process : Kryptoglanidae
2020/12/24 09:00:13 : INFO : family name in process : Kuhliidae
2020/12/24 09:00:20 : INFO : family name in process : Kurtidae
2020/12/24 09:00:25 : INFO : family name in process : Kyphosidae
2020/12/24 09:00:36 : INFO : family name in process : Labridae
2020/12/24 09:04:04 : INFO : family name in process : Labrisomidae
2020/12/24 09:04:23 : INFO : family name in process : Lacantuniidae
2020/12/24 09:04:28 : INFO : family name in process : Lactariidae
2020/12/24 09:04:33 : INFO : family name in process : Lamnidae
2020/12/24 09:04:40 : INFO : family name in process : Lampridae
2020/12/24 09:04:45 : INFO : family name in process : Lateolabracidae
2020/12/24 09:04:50 : INFO : family name in process : Latidae
2020/12/24 09:04:57 : INFO : family name in process : Latimeriidae
2020/12/24 09:05:01 : INFO : family name in process : Latridae
2020/12/24 09:05:06 : INFO : family name in process : Lebiasinidae
2020/12/24 09:05:19 : INFO : family name in process : Leiognathidae
2020/12/24 09:05:29 : INFO : family name in process : Lepidogalaxiidae
2020/12/24 09:05:34 : INFO : family name in process : Lepidosirenidae
2020/12/24 09:05:40 : INFO : family name in process : Lepisosteidae
2020/12/24 09:05:47 : INFO : family name in process : Leptobramidae
2020/12/24 09:05:52 : INFO : family name in process : Leptochariidae
2020/12/24 09:05:56 : INFO : family name in process : Leptochilichthyidae
2020/12/24 09:06:01 : INFO : family name in process : Leptoscopidae
2020/12/24 09:06:05 : INFO : family name in process : Lethrinidae
2020/12/24 09:07:00 : INFO : family name in process : Linophrynidae
2020/12/24 09:07:05 : INFO : family name in process : Liparidae
2020/12/24 09:07:14 : INFO : family name in process : Lobotidae
2020/12/24 09:07:20 : INFO : family name in process : Lophichthyidae
2020/12/24 09:07:25 : INFO : family name in process : Lophiidae
2020/12/24 09:07:33 : INFO : family name in process : Lophotidae
2020/12/24 09:07:38 : INFO : family name in process : Loricariidae
2020/12/24 09:08:35 : INFO : family name in process : Lotidae
2020/12/24 09:08:44 : INFO : family name in process : Lutjanidae
2020/12/24 09:09:28 : INFO : family name in process : Luvaridae
2020/12/24 09:09:33 : INFO : family name in process : Macrouridae
2020/12/24 09:09:51 : INFO : family name in process : Malacanthidae
2020/12/24 09:11:07 : INFO : family name in process : Malapteruridae
2020/12/24 09:11:14 : INFO : family name in process : Mastacembelidae
2020/12/24 09:11:24 : INFO : family name in process : Megachasmidae
2020/12/24 09:11:29 : INFO : family name in process : Megalopidae
2020/12/24 09:11:35 : INFO : family name in process : Melamphaidae
2020/12/24 09:12:44 : INFO : family name in process : Melanocetidae
2020/12/24 09:12:49 : INFO : family name in process : Melanonidae
2020/12/24 09:12:54 : INFO : family name in process : Melanotaeniidae
2020/12/24 09:13:06 : INFO : family name in process : Menidae
2020/12/24 09:13:42 : INFO : family name in process : Merlucciidae
2020/12/24 09:13:49 : INFO : family name in process : Microdesmidae
2020/12/24 09:14:07 : INFO : family name in process : Microstomatidae
2020/12/24 09:14:12 : INFO : family name in process : Mitsukurinidae
2020/12/24 09:14:16 : INFO : family name in process : Mobulidae
2020/12/24 09:14:23 : INFO : family name in process : Mochokidae
2020/12/24 09:14:49 : INFO : family name in process : Molidae
2020/12/24 09:14:55 : INFO : family name in process : Monacanthidae
2020/12/24 09:17:32 : INFO : family name in process : Monocentridae
2020/12/24 09:17:38 : INFO : family name in process : Monodactylidae
2020/12/24 09:17:45 : INFO : family name in process : Monognathidae
2020/12/24 09:17:49 : INFO : family name in process : Mordaciidae
2020/12/24 09:17:54 : INFO : family name in process : Moridae
2020/12/24 09:18:03 : INFO : family name in process : Moringuidae
2020/12/24 09:18:09 : INFO : family name in process : Mormyridae
2020/12/24 09:18:21 : INFO : family name in process : Moronidae
2020/12/24 09:18:28 : INFO : family name in process : Mugilidae
2020/12/24 09:18:46 : INFO : family name in process : Mullidae
2020/12/24 09:19:13 : INFO : family name in process : Muraenesocidae
2020/12/24 09:19:19 : INFO : family name in process : Muraenidae
2020/12/24 09:20:05 : INFO : family name in process : Muraenolepididae
2020/12/24 09:22:21 : INFO : family name in process : Myctophidae
2020/12/24 09:22:35 : INFO : family name in process : Myliobatidae
2020/12/24 09:22:42 : INFO : family name in process : Myrocongridae
2020/12/24 09:22:47 : INFO : family name in process : Myxinidae
2020/12/24 09:22:54 : INFO : family name in process : Nandidae
2020/12/24 09:23:00 : INFO : family name in process : Narcinidae
2020/12/24 09:23:07 : INFO : family name in process : Narkidae
2020/12/24 09:23:13 : INFO : family name in process : Nemacheilidae
2020/12/24 09:23:35 : INFO : family name in process : Nematistiidae
2020/12/24 09:23:40 : INFO : family name in process : Nematogenyidae
2020/12/24 09:23:44 : INFO : family name in process : Nemichthyidae
2020/12/24 09:23:49 : INFO : family name in process : Nemipteridae
2020/12/24 09:24:15 : INFO : family name in process : Neoceratiidae
2020/12/24 09:24:20 : INFO : family name in process : Neoceratodontidae
2020/12/24 09:24:25 : INFO : family name in process : Neoscopelidae
2020/12/24 09:24:30 : INFO : family name in process : Neosebastidae
2020/12/24 09:24:36 : INFO : family name in process : Nettastomatidae
2020/12/24 09:24:42 : INFO : family name in process : Niphonidae
2020/12/24 09:24:47 : INFO : family name in process : Nomeidae
2020/12/24 09:24:53 : INFO : family name in process : Normanichthyidae
2020/12/24 09:24:58 : INFO : family name in process : Notacanthidae
2020/12/24 09:25:04 : INFO : family name in process : Nothobranchiidae
2020/12/24 09:25:43 : INFO : family name in process : Notocheiridae
2020/12/24 09:25:48 : INFO : family name in process : Notopteridae
2020/12/24 09:25:55 : INFO : family name in process : Notosudidae
2020/12/24 09:26:00 : INFO : family name in process : Nototheniidae
2020/12/24 09:26:08 : INFO : family name in process : Odacidae
2020/12/24 09:26:13 : INFO : family name in process : Odontaspididae
2020/12/24 09:26:19 : INFO : family name in process : Odontobutidae
2020/12/24 09:26:25 : INFO : family name in process : Ogcocephalidae
2020/12/24 09:26:37 : INFO : family name in process : Olyridae
2020/12/24 09:26:41 : INFO : family name in process : Omosudidae
2020/12/24 09:26:46 : INFO : family name in process : Oneirodidae
2020/12/24 09:26:52 : INFO : family name in process : Ophichthidae
2020/12/24 09:27:15 : INFO : family name in process : Ophidiidae
2020/12/24 09:27:29 : INFO : family name in process : Opisthoproctidae
2020/12/24 09:27:34 : INFO : family name in process : Opistognathidae
2020/12/24 09:27:46 : INFO : family name in process : Oplegnathidae
2020/12/24 09:27:51 : INFO : family name in process : Orectolobidae
2020/12/24 09:27:57 : INFO : family name in process : Oreosomatidae
2020/12/24 09:28:06 : INFO : family name in process : Osmeridae
2020/12/24 09:28:12 : INFO : family name in process : Osphronemidae
2020/12/24 09:28:36 : INFO : family name in process : Osteoglossidae
2020/12/24 09:28:43 : INFO : family name in process : Ostraciidae
2020/12/24 09:28:58 : INFO : family name in process : Ostracoberycidae
2020/12/24 09:29:03 : INFO : family name in process : Oxynotidae
2020/12/24 09:29:08 : INFO : family name in process : Pangasiidae
2020/12/24 09:29:17 : INFO : family name in process : Pantodontidae
2020/12/24 09:29:22 : INFO : family name in process : Parabembridae
2020/12/24 09:29:27 : INFO : family name in process : Parabrotulidae
2020/12/24 09:29:32 : INFO : family name in process : Paralepididae
2020/12/24 09:29:38 : INFO : family name in process : Paralichthodidae
2020/12/24 09:29:43 : INFO : family name in process : Paralichthyidae
2020/12/24 09:29:56 : INFO : family name in process : Parascorpididae
2020/12/24 09:30:01 : INFO : family name in process : Parascylliidae
2020/12/24 09:30:06 : INFO : family name in process : Paraulopidae
2020/12/24 09:30:11 : INFO : family name in process : Parazenidae
2020/12/24 09:30:16 : INFO : family name in process : Parodontidae
2020/12/24 09:30:22 : INFO : family name in process : Pataecidae
2020/12/24 09:30:27 : INFO : family name in process : Pegasidae
2020/12/24 09:30:33 : INFO : family name in process : Pempheridae
2020/12/24 09:30:46 : INFO : family name in process : Pentacerotidae
2020/12/24 09:30:52 : INFO : family name in process : Pentanchidae
2020/12/24 09:30:59 : INFO : family name in process : Percichthyidae
2020/12/24 09:31:05 : INFO : family name in process : Percidae
2020/12/24 09:31:41 : INFO : family name in process : Perciliidae
2020/12/24 09:31:46 : INFO : family name in process : Percophidae
2020/12/24 09:31:51 : INFO : family name in process : Percopsidae
2020/12/24 09:31:56 : INFO : family name in process : Peristediidae
2020/12/24 09:32:03 : INFO : family name in process : Perryenidae
2020/12/24 09:32:08 : INFO : family name in process : Petromyzontidae
2020/12/24 09:32:19 : INFO : family name in process : Phallostethidae
2020/12/24 09:32:24 : INFO : family name in process : Pholidae
2020/12/24 09:32:30 : INFO : family name in process : Pholidichthyidae
2020/12/24 09:32:35 : INFO : family name in process : Phosichthyidae
2020/12/24 09:32:40 : INFO : family name in process : Phractolaemidae
2020/12/24 09:32:45 : INFO : family name in process : Phreatobiidae
2020/12/24 09:32:50 : INFO : family name in process : Phycidae
2020/12/24 09:32:57 : INFO : family name in process : Pimelodidae
2020/12/24 09:33:14 : INFO : family name in process : Pinguipedidae
2020/12/24 09:33:37 : INFO : family name in process : Platycephalidae
2020/12/24 09:33:53 : INFO : family name in process : Platyrhinidae
2020/12/24 09:33:58 : INFO : family name in process : Platytroctidae
2020/12/24 09:34:04 : INFO : family name in process : Plecoglossidae
2020/12/24 09:34:09 : INFO : family name in process : Plectrogeniidae
2020/12/24 09:34:14 : INFO : family name in process : Plesiobatidae
2020/12/24 09:34:19 : INFO : family name in process : Plesiopidae
2020/12/24 09:34:30 : INFO : family name in process : Pleuronectidae
2020/12/24 09:34:44 : INFO : family name in process : Plotosidae
2020/12/24 09:34:51 : INFO : family name in process : Poeciliidae
2020/12/24 09:35:24 : INFO : family name in process : Poecilopsettidae
2020/12/24 09:35:29 : INFO : family name in process : Polycentridae
2020/12/24 09:35:34 : INFO : family name in process : Polymixiidae
2020/12/24 09:35:39 : INFO : family name in process : Polynemidae
2020/12/24 09:35:51 : INFO : family name in process : Polyodontidae
2020/12/24 09:35:57 : INFO : family name in process : Polyprionidae
2020/12/24 09:36:02 : INFO : family name in process : Polypteridae
2020/12/24 09:36:10 : INFO : family name in process : Pomacanthidae
2020/12/24 09:36:54 : INFO : family name in process : Pomacentridae
2020/12/24 09:40:08 : INFO : family name in process : Pomatomidae
2020/12/24 09:40:13 : INFO : family name in process : Potamotrygonidae
2020/12/24 09:42:33 : INFO : family name in process : Priacanthidae
2020/12/24 09:42:43 : INFO : family name in process : Pristidae
2020/12/24 09:42:48 : INFO : family name in process : Pristigasteridae
2020/12/24 09:42:55 : INFO : family name in process : Pristiophoridae
2020/12/24 09:43:00 : INFO : family name in process : Pristolepididae
2020/12/24 09:43:06 : INFO : family name in process : Prochilodontidae
2020/12/24 09:43:13 : INFO : family name in process : Profundulidae
2020/12/24 09:43:19 : INFO : family name in process : Proscylliidae
2020/12/24 09:43:24 : INFO : family name in process : Protanguillidae
2020/12/24 09:43:29 : INFO : family name in process : Protopteridae
2020/12/24 09:43:34 : INFO : family name in process : Psettodidae
2020/12/24 09:43:40 : INFO : family name in process : Pseudaphritidae
2020/12/24 09:43:44 : INFO : family name in process : Pseudocarchariidae
2020/12/24 09:43:49 : INFO : family name in process : Pseudochromidae
2020/12/24 09:44:17 : INFO : family name in process : Pseudomugilidae
2020/12/24 09:44:24 : INFO : family name in process : Pseudopimelodidae
2020/12/24 09:44:32 : INFO : family name in process : Pseudotriakidae
2020/12/24 09:44:37 : INFO : family name in process : Pseudotrichonotidae
2020/12/24 09:44:42 : INFO : family name in process : Psilorhynchidae
2020/12/24 09:44:47 : INFO : family name in process : Psychrolutidae
2020/12/24 09:44:54 : INFO : family name in process : Ptilichthyidae
2020/12/24 09:44:59 : INFO : family name in process : Rachycentridae
2020/12/24 09:45:04 : INFO : family name in process : Radiicephalidae
2020/12/24 09:45:09 : INFO : family name in process : Rajidae
2020/12/24 09:45:28 : INFO : family name in process : Regalecidae
2020/12/24 09:45:34 : INFO : family name in process : Retropinnidae
2020/12/24 09:45:39 : INFO : family name in process : Rhamphichthyidae
2020/12/24 09:45:44 : INFO : family name in process : Rhamphocottidae
2020/12/24 09:45:49 : INFO : family name in process : Rhincodontidae
2020/12/24 09:45:55 : INFO : family name in process : Rhinidae
2020/12/24 09:46:01 : INFO : family name in process : Rhinobatidae
2020/12/24 09:46:09 : INFO : family name in process : Rhinochimaeridae
2020/12/24 09:46:15 : INFO : family name in process : Rhinopteridae
2020/12/24 09:46:20 : INFO : family name in process : Rhombosoleidae
2020/12/24 09:46:26 : INFO : family name in process : Rhyacichthyidae
2020/12/24 09:46:31 : INFO : family name in process : Rivulidae
2020/12/24 09:47:18 : INFO : family name in process : Rondeletiidae
2020/12/24 09:47:23 : INFO : family name in process : Saccopharyngidae
2020/12/24 09:47:28 : INFO : family name in process : Salangidae
2020/12/24 09:47:34 : INFO : family name in process : Salmonidae
2020/12/24 09:48:06 : INFO : family name in process : Samaridae
2020/12/24 09:48:12 : INFO : family name in process : Scaridae
2020/12/24 09:49:10 : INFO : family name in process : Scatophagidae
2020/12/24 09:49:15 : INFO : family name in process : Schilbeidae
2020/12/24 09:49:23 : INFO : family name in process : Schindleriidae
2020/12/24 09:49:28 : INFO : family name in process : Sciaenidae
2020/12/24 09:50:10 : INFO : family name in process : Scoloplacidae
2020/12/24 09:50:15 : INFO : family name in process : Scomberesocidae
2020/12/24 09:50:20 : INFO : family name in process : Scombridae
2020/12/24 09:50:38 : INFO : family name in process : Scombrolabracidae
2020/12/24 09:50:42 : INFO : family name in process : Scombropidae
2020/12/24 09:50:47 : INFO : family name in process : Scopelarchidae
2020/12/24 09:50:52 : INFO : family name in process : Scophthalmidae
2020/12/24 09:51:00 : INFO : family name in process : Scorpaenidae
2020/12/24 09:51:56 : INFO : family name in process : Scyliorhinidae
2020/12/24 09:52:08 : INFO : family name in process : Scytalinidae
2020/12/24 09:52:13 : INFO : family name in process : Sebastidae
2020/12/24 09:52:36 : INFO : family name in process : Serpenticobitidae
2020/12/24 09:52:41 : INFO : family name in process : Serranidae
2020/12/24 09:57:17 : INFO : family name in process : Serrasalmidae
2020/12/24 09:57:34 : INFO : family name in process : Serrivomeridae
2020/12/24 09:57:39 : INFO : family name in process : Setarchidae
2020/12/24 09:57:44 : INFO : family name in process : Siganidae
2020/12/24 09:58:00 : INFO : family name in process : Sillaginidae
2020/12/24 09:58:08 : INFO : family name in process : Siluridae
2020/12/24 09:58:23 : INFO : family name in process : Sinipercidae
2020/12/24 09:58:29 : INFO : family name in process : Sisoridae
2020/12/24 09:58:45 : INFO : family name in process : Soleidae
2020/12/24 09:59:07 : INFO : family name in process : Solenostomidae
2020/12/24 09:59:13 : INFO : family name in process : Somniosidae
2020/12/24 09:59:20 : INFO : family name in process : Sparidae
2020/12/24 09:59:57 : INFO : family name in process : Sphyraenidae
2020/12/24 10:00:10 : INFO : family name in process : Sphyrnidae
2020/12/24 10:00:17 : INFO : family name in process : Squalidae
2020/12/24 10:00:26 : INFO : family name in process : Squatinidae
2020/12/24 10:00:33 : INFO : family name in process : Stegostomatidae
2020/12/24 10:00:39 : INFO : family name in process : Steindachneriidae
2020/12/24 10:00:43 : INFO : family name in process : Stephanoberycidae
2020/12/24 10:00:48 : INFO : family name in process : Sternoptychidae
2020/12/24 10:00:58 : INFO : family name in process : Sternopygidae
2020/12/24 10:01:05 : INFO : family name in process : Stichaeidae
2020/12/24 10:01:12 : INFO : family name in process : Stomiidae
2020/12/24 10:01:22 : INFO : family name in process : Stromateidae
2020/12/24 10:01:30 : INFO : family name in process : Stylephoridae
2020/12/24 10:01:34 : INFO : family name in process : Sudidae
2020/12/24 10:01:39 : INFO : family name in process : Symphysanodontidae
2020/12/24 10:01:44 : INFO : family name in process : Synanceiidae
2020/12/24 10:01:54 : INFO : family name in process : Synaphobranchidae
2020/12/24 10:02:01 : INFO : family name in process : Synbranchidae
2020/12/24 10:02:08 : INFO : family name in process : Syngnathidae
2020/12/24 10:02:52 : INFO : family name in process : Synodontidae
2020/12/24 10:03:15 : INFO : family name in process : Telmatherinidae
2020/12/24 10:03:20 : INFO : family name in process : Terapontidae
2020/12/24 10:03:29 : INFO : family name in process : Tetrabrachiidae
2020/12/24 10:03:34 : INFO : family name in process : Tetragonuridae
2020/12/24 10:03:39 : INFO : family name in process : Tetraodontidae
2020/12/24 10:04:25 : INFO : family name in process : Tetrarogidae
2020/12/24 10:04:33 : INFO : family name in process : Thalasseleotrididae
2020/12/24 10:04:38 : INFO : family name in process : Thaumatichthyidae
2020/12/24 10:04:43 : INFO : family name in process : Torpedinidae
2020/12/24 10:04:50 : INFO : family name in process : Toxotidae
2020/12/24 10:04:56 : INFO : family name in process : Trachichthyidae
2020/12/24 10:05:04 : INFO : family name in process : Trachinidae
2020/12/24 10:05:10 : INFO : family name in process : Trachipteridae
2020/12/24 10:05:17 : INFO : family name in process : Triacanthidae
2020/12/24 10:05:22 : INFO : family name in process : Triacanthodidae
2020/12/24 10:05:29 : INFO : family name in process : Triakidae
2020/12/24 10:05:39 : INFO : family name in process : Trichiuridae
2020/12/24 10:05:46 : INFO : family name in process : Trichodontidae
2020/12/24 10:05:51 : INFO : family name in process : Trichomycteridae
2020/12/24 10:06:03 : INFO : family name in process : Trichonotidae
2020/12/24 10:06:10 : INFO : family name in process : Triglidae
2020/12/24 10:06:27 : INFO : family name in process : Triodontidae
2020/12/24 10:06:33 : INFO : family name in process : Triportheidae
2020/12/24 10:06:39 : INFO : family name in process : Tripterygiidae
2020/12/24 10:07:10 : INFO : family name in process : Trygonorrhinidae
2020/12/24 10:07:15 : INFO : family name in process : Umbridae
2020/12/24 10:07:22 : INFO : family name in process : Uranoscopidae
2020/12/24 10:07:31 : INFO : family name in process : Urolophidae
2020/12/24 10:07:37 : INFO : family name in process : Urotrygonidae
2020/12/24 10:07:44 : INFO : family name in process : Vaillantellidae
2020/12/24 10:07:49 : INFO : family name in process : Valenciidae
2020/12/24 10:07:54 : INFO : family name in process : Veliferidae
2020/12/24 10:07:59 : INFO : family name in process : Xenisthmidae
2020/12/24 10:08:04 : INFO : family name in process : Xiphiidae
2020/12/24 10:08:09 : INFO : family name in process : Zanclidae
2020/12/24 10:08:15 : INFO : family name in process : Zanclorhynchidae
2020/12/24 10:08:19 : INFO : family name in process : Zanobatidae
2020/12/24 10:08:24 : INFO : family name in process : Zaproridae
2020/12/24 10:08:29 : INFO : family name in process : Zeidae
2020/12/24 10:08:35 : INFO : family name in process : Zenarchopteridae
2020/12/24 10:08:43 : INFO : family name in process : Zenionidae
2020/12/24 10:08:48 : INFO : family name in process : Zeniontidae
2020/12/24 10:08:53 : INFO : family name in process : Zoarcidae
